[0.147s] DEBUG:colcon:Command line arguments: ['/usr/bin/colcon', 'build']
[0.147s] DEBUG:colcon:Parsed command line arguments: Namespace(log_base=None, log_level=None, verb_name='build', build_base='build', install_base='install', merge_install=False, symlink_install=False, test_result_base=None, continue_on_error=False, executor='parallel', parallel_workers=8, event_handlers=None, ignore_user_meta=False, metas=['./colcon.meta'], base_paths=['.'], packages_ignore=None, packages_ignore_regex=None, paths=None, packages_up_to=None, packages_up_to_regex=None, packages_above=None, packages_above_and_dependencies=None, packages_above_depth=None, packages_select_by_dep=None, packages_skip_by_dep=None, packages_skip_up_to=None, packages_select_build_failed=False, packages_skip_build_finished=False, packages_select_test_failures=False, packages_skip_test_passed=False, packages_select=None, packages_skip=None, packages_select_regex=None, packages_skip_regex=None, packages_start=None, packages_end=None, cmake_args=None, cmake_target=None, cmake_target_skip_unavailable=False, cmake_clean_cache=False, cmake_clean_first=False, cmake_force_configure=False, ament_cmake_args=None, catkin_cmake_args=None, catkin_skip_building_tests=False, mixin_files=None, mixin=None, verb_parser=<colcon_mixin.mixin.mixin_argument.MixinArgumentDecorator object at 0x77fe776f3f40>, verb_extension=<colcon_core.verb.build.BuildVerb object at 0x77fe7783c670>, main=<bound method BuildVerb.main of <colcon_core.verb.build.BuildVerb object at 0x77fe7783c670>>, mixin_verb=('build',))
[0.334s] Level 1:colcon.colcon_core.package_discovery:discover_packages(colcon_meta) check parameters
[0.335s] INFO:colcon.colcon_metadata.package_discovery.colcon_meta:Using configuration from '/root/.colcon/metadata/default/Gazebo.meta'
[0.335s] INFO:colcon.colcon_metadata.package_discovery.colcon_meta:Using configuration from '/root/.colcon/metadata/default/fastrtps.meta'
[0.335s] Level 1:colcon.colcon_core.package_discovery:discover_packages(recursive) check parameters
[0.335s] Level 1:colcon.colcon_core.package_discovery:discover_packages(ignore) check parameters
[0.336s] Level 1:colcon.colcon_core.package_discovery:discover_packages(path) check parameters
[0.336s] Level 1:colcon.colcon_core.package_discovery:discover_packages(colcon_meta) discover
[0.336s] Level 1:colcon.colcon_core.package_discovery:discover_packages(recursive) discover
[0.336s] INFO:colcon.colcon_core.package_discovery:Crawling recursively for packages in '/home/ros2_ws/src'
[0.336s] Level 1:colcon.colcon_core.package_identification:_identify(.) by extensions ['ignore', 'ignore_ament_install']
[0.336s] Level 1:colcon.colcon_core.package_identification:_identify(.) by extension 'ignore'
[0.336s] Level 1:colcon.colcon_core.package_identification:_identify(.) by extension 'ignore_ament_install'
[0.336s] Level 1:colcon.colcon_core.package_identification:_identify(.) by extensions ['colcon_pkg']
[0.336s] Level 1:colcon.colcon_core.package_identification:_identify(.) by extension 'colcon_pkg'
[0.336s] Level 1:colcon.colcon_core.package_identification:_identify(.) by extensions ['colcon_meta']
[0.336s] Level 1:colcon.colcon_core.package_identification:_identify(.) by extension 'colcon_meta'
[0.336s] Level 1:colcon.colcon_core.package_identification:_identify(.) by extensions ['ros']
[0.336s] Level 1:colcon.colcon_core.package_identification:_identify(.) by extension 'ros'
[0.349s] Level 1:colcon.colcon_core.package_identification:_identify(.) by extensions ['cmake', 'python']
[0.349s] Level 1:colcon.colcon_core.package_identification:_identify(.) by extension 'cmake'
[0.349s] Level 1:colcon.colcon_core.package_identification:_identify(.) by extension 'python'
[0.349s] Level 1:colcon.colcon_core.package_identification:_identify(.) by extensions ['python_setup_py']
[0.349s] Level 1:colcon.colcon_core.package_identification:_identify(.) by extension 'python_setup_py'
[0.349s] Level 1:colcon.colcon_core.package_identification:_identify(build) by extensions ['ignore', 'ignore_ament_install']
[0.349s] Level 1:colcon.colcon_core.package_identification:_identify(build) by extension 'ignore'
[0.349s] Level 1:colcon.colcon_core.package_identification:_identify(build) ignored
[0.350s] Level 1:colcon.colcon_core.package_identification:_identify(install) by extensions ['ignore', 'ignore_ament_install']
[0.350s] Level 1:colcon.colcon_core.package_identification:_identify(install) by extension 'ignore'
[0.350s] Level 1:colcon.colcon_core.package_identification:_identify(install) ignored
[0.350s] Level 1:colcon.colcon_core.package_identification:_identify(log) by extensions ['ignore', 'ignore_ament_install']
[0.350s] Level 1:colcon.colcon_core.package_identification:_identify(log) by extension 'ignore'
[0.350s] Level 1:colcon.colcon_core.package_identification:_identify(log) ignored
[0.350s] Level 1:colcon.colcon_core.package_identification:_identify(my_bot) by extensions ['ignore', 'ignore_ament_install']
[0.350s] Level 1:colcon.colcon_core.package_identification:_identify(my_bot) by extension 'ignore'
[0.350s] Level 1:colcon.colcon_core.package_identification:_identify(my_bot) by extension 'ignore_ament_install'
[0.350s] Level 1:colcon.colcon_core.package_identification:_identify(my_bot) by extensions ['colcon_pkg']
[0.350s] Level 1:colcon.colcon_core.package_identification:_identify(my_bot) by extension 'colcon_pkg'
[0.351s] Level 1:colcon.colcon_core.package_identification:_identify(my_bot) by extensions ['colcon_meta']
[0.351s] Level 1:colcon.colcon_core.package_identification:_identify(my_bot) by extension 'colcon_meta'
[0.351s] Level 1:colcon.colcon_core.package_identification:_identify(my_bot) by extensions ['ros']
[0.351s] Level 1:colcon.colcon_core.package_identification:_identify(my_bot) by extension 'ros'
[0.353s] DEBUG:colcon.colcon_core.package_identification:Package 'my_bot' with type 'ros.ament_cmake' and name 'my_bot'
[0.354s] Level 1:colcon.colcon_core.package_discovery:discover_packages(recursive) using defaults
[0.354s] Level 1:colcon.colcon_core.package_discovery:discover_packages(ignore) discover
[0.354s] Level 1:colcon.colcon_core.package_discovery:discover_packages(ignore) using defaults
[0.354s] Level 1:colcon.colcon_core.package_discovery:discover_packages(path) discover
[0.354s] Level 1:colcon.colcon_core.package_discovery:discover_packages(path) using defaults
[0.377s] Level 5:colcon.colcon_core.verb:set package 'my_bot' build argument 'cmake_args' from command line to 'None'
[0.377s] Level 5:colcon.colcon_core.verb:set package 'my_bot' build argument 'cmake_target' from command line to 'None'
[0.377s] Level 5:colcon.colcon_core.verb:set package 'my_bot' build argument 'cmake_target_skip_unavailable' from command line to 'False'
[0.377s] Level 5:colcon.colcon_core.verb:set package 'my_bot' build argument 'cmake_clean_cache' from command line to 'False'
[0.377s] Level 5:colcon.colcon_core.verb:set package 'my_bot' build argument 'cmake_clean_first' from command line to 'False'
[0.377s] Level 5:colcon.colcon_core.verb:set package 'my_bot' build argument 'cmake_force_configure' from command line to 'False'
[0.377s] Level 5:colcon.colcon_core.verb:set package 'my_bot' build argument 'ament_cmake_args' from command line to 'None'
[0.377s] Level 5:colcon.colcon_core.verb:set package 'my_bot' build argument 'catkin_cmake_args' from command line to 'None'
[0.377s] Level 5:colcon.colcon_core.verb:set package 'my_bot' build argument 'catkin_skip_building_tests' from command line to 'False'
[0.377s] DEBUG:colcon.colcon_core.verb:Building package 'my_bot' with the following arguments: {'ament_cmake_args': None, 'build_base': '/home/ros2_ws/src/build/my_bot', 'catkin_cmake_args': None, 'catkin_skip_building_tests': False, 'cmake_args': None, 'cmake_clean_cache': False, 'cmake_clean_first': False, 'cmake_force_configure': False, 'cmake_target': None, 'cmake_target_skip_unavailable': False, 'install_base': '/home/ros2_ws/src/install/my_bot', 'merge_install': False, 'path': '/home/ros2_ws/src/my_bot', 'symlink_install': False, 'test_result_base': None}
[0.377s] INFO:colcon.colcon_core.executor:Executing jobs using 'parallel' executor
[0.378s] DEBUG:colcon.colcon_parallel_executor.executor.parallel:run_until_complete
[0.379s] INFO:colcon.colcon_ros.task.ament_cmake.build:Building ROS package in '/home/ros2_ws/src/my_bot' with build type 'ament_cmake'
[0.379s] INFO:colcon.colcon_cmake.task.cmake.build:Building CMake package in '/home/ros2_ws/src/my_bot'
[0.382s] INFO:colcon.colcon_core.plugin_system:Skipping extension 'colcon_core.shell.bat': Not used on non-Windows systems
[0.382s] INFO:colcon.colcon_core.shell:Skip shell extension 'powershell' for command environment: Not usable outside of PowerShell
[0.382s] DEBUG:colcon.colcon_core.shell:Skip shell extension 'dsv' for command environment
[0.401s] DEBUG:colcon.colcon_core.event_handler.log_command:Invoking command in '/home/ros2_ws/src/build/my_bot': CMAKE_PREFIX_PATH=${CMAKE_PREFIX_PATH}:/opt/ros/humble /usr/bin/cmake --build /home/ros2_ws/src/build/my_bot -- -j8 -l8
[0.472s] DEBUG:colcon.colcon_core.event_handler.log_command:Invoked command in '/home/ros2_ws/src/build/my_bot' returned '0': CMAKE_PREFIX_PATH=${CMAKE_PREFIX_PATH}:/opt/ros/humble /usr/bin/cmake --build /home/ros2_ws/src/build/my_bot -- -j8 -l8
[0.525s] DEBUG:colcon.colcon_core.event_handler.log_command:Invoking command in '/home/ros2_ws/src/build/my_bot': CMAKE_PREFIX_PATH=${CMAKE_PREFIX_PATH}:/opt/ros/humble /usr/bin/cmake --install /home/ros2_ws/src/build/my_bot
[0.544s] Level 1:colcon.colcon_core.environment:create_environment_scripts_only(my_bot)
[0.545s] DEBUG:colcon.colcon_core.event_handler.log_command:Invoked command in '/home/ros2_ws/src/build/my_bot' returned '0': CMAKE_PREFIX_PATH=${CMAKE_PREFIX_PATH}:/opt/ros/humble /usr/bin/cmake --install /home/ros2_ws/src/build/my_bot
[0.548s] Level 1:colcon.colcon_core.environment:checking '/home/ros2_ws/src/install/my_bot' for CMake module files
[0.549s] Level 1:colcon.colcon_core.environment:checking '/home/ros2_ws/src/install/my_bot' for CMake config files
[0.549s] Level 1:colcon.colcon_core.shell:create_environment_hook('my_bot', 'cmake_prefix_path')
[0.550s] INFO:colcon.colcon_core.shell:Creating environment hook '/home/ros2_ws/src/install/my_bot/share/my_bot/hook/cmake_prefix_path.ps1'
[0.551s] INFO:colcon.colcon_core.shell:Creating environment descriptor '/home/ros2_ws/src/install/my_bot/share/my_bot/hook/cmake_prefix_path.dsv'
[0.551s] INFO:colcon.colcon_core.shell:Creating environment hook '/home/ros2_ws/src/install/my_bot/share/my_bot/hook/cmake_prefix_path.sh'
[0.552s] Level 1:colcon.colcon_core.environment:checking '/home/ros2_ws/src/install/my_bot/bin'
[0.552s] Level 1:colcon.colcon_core.environment:checking '/home/ros2_ws/src/install/my_bot/lib/pkgconfig/my_bot.pc'
[0.555s] Level 1:colcon.colcon_core.environment:checking '/home/ros2_ws/src/install/my_bot/lib/python3.10/site-packages'
[0.555s] Level 1:colcon.colcon_core.environment:checking '/home/ros2_ws/src/install/my_bot/bin'
[0.555s] INFO:colcon.colcon_core.shell:Creating package script '/home/ros2_ws/src/install/my_bot/share/my_bot/package.ps1'
[0.556s] INFO:colcon.colcon_core.shell:Creating package descriptor '/home/ros2_ws/src/install/my_bot/share/my_bot/package.dsv'
[0.557s] INFO:colcon.colcon_core.shell:Creating package script '/home/ros2_ws/src/install/my_bot/share/my_bot/package.sh'
[0.558s] INFO:colcon.colcon_core.shell:Creating package script '/home/ros2_ws/src/install/my_bot/share/my_bot/package.bash'
[0.559s] INFO:colcon.colcon_core.shell:Creating package script '/home/ros2_ws/src/install/my_bot/share/my_bot/package.zsh'
[0.559s] Level 1:colcon.colcon_core.environment:create_file_with_runtime_dependencies(/home/ros2_ws/src/install/my_bot/share/colcon-core/packages/my_bot)
[0.600s] Level 1:colcon.colcon_core.environment:create_environment_scripts_only(my_bot)
[0.601s] Level 1:colcon.colcon_core.environment:checking '/home/ros2_ws/src/install/my_bot' for CMake module files
[0.603s] Level 1:colcon.colcon_core.environment:checking '/home/ros2_ws/src/install/my_bot' for CMake config files
[0.604s] Level 1:colcon.colcon_core.shell:create_environment_hook('my_bot', 'cmake_prefix_path')
[0.604s] INFO:colcon.colcon_core.shell:Creating environment hook '/home/ros2_ws/src/install/my_bot/share/my_bot/hook/cmake_prefix_path.ps1'
[0.606s] INFO:colcon.colcon_core.shell:Creating environment descriptor '/home/ros2_ws/src/install/my_bot/share/my_bot/hook/cmake_prefix_path.dsv'
[0.606s] INFO:colcon.colcon_core.shell:Creating environment hook '/home/ros2_ws/src/install/my_bot/share/my_bot/hook/cmake_prefix_path.sh'
[0.608s] Level 1:colcon.colcon_core.environment:checking '/home/ros2_ws/src/install/my_bot/bin'
[0.608s] Level 1:colcon.colcon_core.environment:checking '/home/ros2_ws/src/install/my_bot/lib/pkgconfig/my_bot.pc'
[0.609s] Level 1:colcon.colcon_core.environment:checking '/home/ros2_ws/src/install/my_bot/lib/python3.10/site-packages'
[0.609s] Level 1:colcon.colcon_core.environment:checking '/home/ros2_ws/src/install/my_bot/bin'
[0.610s] INFO:colcon.colcon_core.shell:Creating package script '/home/ros2_ws/src/install/my_bot/share/my_bot/package.ps1'
[0.611s] INFO:colcon.colcon_core.shell:Creating package descriptor '/home/ros2_ws/src/install/my_bot/share/my_bot/package.dsv'
[0.613s] INFO:colcon.colcon_core.shell:Creating package script '/home/ros2_ws/src/install/my_bot/share/my_bot/package.sh'
[0.614s] INFO:colcon.colcon_core.shell:Creating package script '/home/ros2_ws/src/install/my_bot/share/my_bot/package.bash'
[0.615s] INFO:colcon.colcon_core.shell:Creating package script '/home/ros2_ws/src/install/my_bot/share/my_bot/package.zsh'
[0.616s] Level 1:colcon.colcon_core.environment:create_file_with_runtime_dependencies(/home/ros2_ws/src/install/my_bot/share/colcon-core/packages/my_bot)
[0.617s] DEBUG:colcon.colcon_parallel_executor.executor.parallel:closing loop
[0.618s] DEBUG:colcon.colcon_parallel_executor.executor.parallel:loop closed
[0.618s] DEBUG:colcon.colcon_parallel_executor.executor.parallel:run_until_complete finished with '0'
[0.618s] DEBUG:colcon.colcon_core.event_reactor:joining thread
[0.637s] INFO:colcon.colcon_core.plugin_system:Skipping extension 'colcon_notification.desktop_notification.notify_send': Could not find 'notify-send'
[0.637s] INFO:colcon.colcon_core.plugin_system:Skipping extension 'colcon_notification.desktop_notification.terminal_notifier': Not used on non-Darwin systems
[0.637s] INFO:colcon.colcon_core.plugin_system:Skipping extension 'colcon_notification.desktop_notification.win32': Not used on non-Windows systems
[0.637s] INFO:colcon.colcon_notification.desktop_notification:Sending desktop notification using 'notify2'
[0.646s] DEBUG:colcon.colcon_notification.desktop_notification.notify2:Failed to initialize notify2: org.freedesktop.DBus.Error.Spawn.ExecFailed: /usr/bin/dbus-launch terminated abnormally without any error message
[0.646s] DEBUG:colcon.colcon_core.event_reactor:joined thread
[0.647s] INFO:colcon.colcon_core.shell:Creating prefix script '/home/ros2_ws/src/install/local_setup.ps1'
[0.650s] INFO:colcon.colcon_core.shell:Creating prefix util module '/home/ros2_ws/src/install/_local_setup_util_ps1.py'
[0.654s] INFO:colcon.colcon_core.shell:Creating prefix chain script '/home/ros2_ws/src/install/setup.ps1'
[0.657s] INFO:colcon.colcon_core.shell:Creating prefix script '/home/ros2_ws/src/install/local_setup.sh'
[0.660s] INFO:colcon.colcon_core.shell:Creating prefix util module '/home/ros2_ws/src/install/_local_setup_util_sh.py'
[0.663s] INFO:colcon.colcon_core.shell:Creating prefix chain script '/home/ros2_ws/src/install/setup.sh'
[0.667s] INFO:colcon.colcon_core.shell:Creating prefix script '/home/ros2_ws/src/install/local_setup.bash'
[0.668s] INFO:colcon.colcon_core.shell:Creating prefix chain script '/home/ros2_ws/src/install/setup.bash'
[0.671s] INFO:colcon.colcon_core.shell:Creating prefix script '/home/ros2_ws/src/install/local_setup.zsh'
[0.672s] INFO:colcon.colcon_core.shell:Creating prefix chain script '/home/ros2_ws/src/install/setup.zsh'
