-- Install configuration: ""
-- Installing: /home/ros2_ws/src/install/my_bot/share/my_bot/config
-- Installing: /home/ros2_ws/src/install/my_bot/share/my_bot/config/empty.yaml
-- Installing: /home/ros2_ws/src/install/my_bot/share/my_bot/config/mapper_params_online_async.yaml
-- Installing: /home/ros2_ws/src/install/my_bot/share/my_bot/config/view_bot.rviz
-- Installing: /home/ros2_ws/src/install/my_bot/share/my_bot/config/nav2_params.yaml
-- Installing: /home/ros2_ws/src/install/my_bot/share/my_bot/description
-- Installing: /home/ros2_ws/src/install/my_bot/share/my_bot/description/robot_core.xacro
-- Installing: /home/ros2_ws/src/install/my_bot/share/my_bot/description/inertial_macros.xacro
-- Installing: /home/ros2_ws/src/install/my_bot/share/my_bot/description/lidar.xacro
-- Installing: /home/ros2_ws/src/install/my_bot/share/my_bot/description/gazebo_control.xacro
-- Installing: /home/ros2_ws/src/install/my_bot/share/my_bot/description/robot.urdf.xacro
-- Installing: /home/ros2_ws/src/install/my_bot/share/my_bot/launch
-- Installing: /home/ros2_ws/src/install/my_bot/share/my_bot/launch/rsp.launch.py
-- Installing: /home/ros2_ws/src/install/my_bot/share/my_bot/launch/launch_sim.launch.py
-- Installing: /home/ros2_ws/src/install/my_bot/share/my_bot/launch/navigation_launch.py
-- Installing: /home/ros2_ws/src/install/my_bot/share/my_bot/worlds
-- Installing: /home/ros2_ws/src/install/my_bot/share/my_bot/worlds/empty.world
-- Installing: /home/ros2_ws/src/install/my_bot/share/my_bot/worlds/obstacles.world
-- Installing: /home/ros2_ws/src/install/my_bot/share/my_bot/worlds/living_room.world
-- Installing: /home/ros2_ws/src/install/my_bot/share/my_bot/map
-- Installing: /home/ros2_ws/src/install/my_bot/share/my_bot/map/my_map_serial.data
-- Installing: /home/ros2_ws/src/install/my_bot/share/my_bot/map/my_map_save.yaml
-- Installing: /home/ros2_ws/src/install/my_bot/share/my_bot/map/my_map_serial.posegraph
-- Installing: /home/ros2_ws/src/install/my_bot/share/my_bot/map/my_map_save.pgm
-- Installing: /home/ros2_ws/src/install/my_bot/share/ament_index/resource_index/package_run_dependencies/my_bot
-- Installing: /home/ros2_ws/src/install/my_bot/share/ament_index/resource_index/parent_prefix_path/my_bot
-- Installing: /home/ros2_ws/src/install/my_bot/share/my_bot/environment/ament_prefix_path.sh
-- Installing: /home/ros2_ws/src/install/my_bot/share/my_bot/environment/ament_prefix_path.dsv
-- Installing: /home/ros2_ws/src/install/my_bot/share/my_bot/environment/path.sh
-- Installing: /home/ros2_ws/src/install/my_bot/share/my_bot/environment/path.dsv
-- Installing: /home/ros2_ws/src/install/my_bot/share/my_bot/local_setup.bash
-- Installing: /home/ros2_ws/src/install/my_bot/share/my_bot/local_setup.sh
-- Installing: /home/ros2_ws/src/install/my_bot/share/my_bot/local_setup.zsh
-- Installing: /home/ros2_ws/src/install/my_bot/share/my_bot/local_setup.dsv
-- Installing: /home/ros2_ws/src/install/my_bot/share/my_bot/package.dsv
-- Installing: /home/ros2_ws/src/install/my_bot/share/ament_index/resource_index/packages/my_bot
-- Installing: /home/ros2_ws/src/install/my_bot/share/my_bot/cmake/my_botConfig.cmake
-- Installing: /home/ros2_ws/src/install/my_bot/share/my_bot/cmake/my_botConfig-version.cmake
-- Installing: /home/ros2_ws/src/install/my_bot/share/my_bot/package.xml
