[0.024s] Invoking command in '/home/ros2_ws/src/build/my_bot': CMAKE_PREFIX_PATH=${CMAKE_PREFIX_PATH}:/opt/ros/humble /usr/bin/cmake --build /home/ros2_ws/src/build/my_bot -- -j8 -l8
[0.085s] Invoked command in '/home/ros2_ws/src/build/my_bot' returned '0': CMAKE_PREFIX_PATH=${CMAKE_PREFIX_PATH}:/opt/ros/humble /usr/bin/cmake --build /home/ros2_ws/src/build/my_bot -- -j8 -l8
[0.146s] Invoking command in '/home/ros2_ws/src/build/my_bot': CMAKE_PREFIX_PATH=${CMAKE_PREFIX_PATH}:/opt/ros/humble /usr/bin/cmake --install /home/ros2_ws/src/build/my_bot
[0.156s] -- Install configuration: ""
[0.157s] -- Installing: /home/ros2_ws/src/install/my_bot/share/my_bot/config
[0.157s] -- Installing: /home/ros2_ws/src/install/my_bot/share/my_bot/config/empty.yaml
[0.158s] -- Installing: /home/ros2_ws/src/install/my_bot/share/my_bot/config/mapper_params_online_async.yaml
[0.159s] -- Installing: /home/ros2_ws/src/install/my_bot/share/my_bot/config/view_bot.rviz
[0.159s] -- Installing: /home/ros2_ws/src/install/my_bot/share/my_bot/config/nav2_params.yaml
[0.160s] -- Installing: /home/ros2_ws/src/install/my_bot/share/my_bot/description
[0.160s] -- Installing: /home/ros2_ws/src/install/my_bot/share/my_bot/description/robot_core.xacro
[0.160s] -- Installing: /home/ros2_ws/src/install/my_bot/share/my_bot/description/inertial_macros.xacro
[0.161s] -- Installing: /home/ros2_ws/src/install/my_bot/share/my_bot/description/lidar.xacro
[0.161s] -- Installing: /home/ros2_ws/src/install/my_bot/share/my_bot/description/gazebo_control.xacro
[0.162s] -- Installing: /home/ros2_ws/src/install/my_bot/share/my_bot/description/robot.urdf.xacro
[0.162s] -- Installing: /home/ros2_ws/src/install/my_bot/share/my_bot/launch
[0.162s] -- Installing: /home/ros2_ws/src/install/my_bot/share/my_bot/launch/rsp.launch.py
[0.162s] -- Installing: /home/ros2_ws/src/install/my_bot/share/my_bot/launch/launch_sim.launch.py
[0.163s] -- Installing: /home/ros2_ws/src/install/my_bot/share/my_bot/launch/navigation_launch.py
[0.163s] -- Installing: /home/ros2_ws/src/install/my_bot/share/my_bot/worlds
[0.164s] -- Installing: /home/ros2_ws/src/install/my_bot/share/my_bot/worlds/empty.world
[0.164s] -- Installing: /home/ros2_ws/src/install/my_bot/share/my_bot/worlds/obstacles.world
[0.165s] -- Installing: /home/ros2_ws/src/install/my_bot/share/my_bot/worlds/living_room.world
[0.166s] -- Installing: /home/ros2_ws/src/install/my_bot/share/my_bot/map
[0.166s] -- Installing: /home/ros2_ws/src/install/my_bot/share/my_bot/map/my_map_serial.data
[0.170s] -- Installing: /home/ros2_ws/src/install/my_bot/share/my_bot/map/my_map_save.yaml
[0.170s] -- Installing: /home/ros2_ws/src/install/my_bot/share/my_bot/map/my_map_serial.posegraph
[0.207s] -- Installing: /home/ros2_ws/src/install/my_bot/share/my_bot/map/my_map_save.pgm
[0.207s] -- Installing: /home/ros2_ws/src/install/my_bot/share/ament_index/resource_index/package_run_dependencies/my_bot
[0.208s] -- Installing: /home/ros2_ws/src/install/my_bot/share/ament_index/resource_index/parent_prefix_path/my_bot
[0.208s] -- Installing: /home/ros2_ws/src/install/my_bot/share/my_bot/environment/ament_prefix_path.sh
[0.209s] -- Installing: /home/ros2_ws/src/install/my_bot/share/my_bot/environment/ament_prefix_path.dsv
[0.209s] -- Installing: /home/ros2_ws/src/install/my_bot/share/my_bot/environment/path.sh
[0.209s] -- Installing: /home/ros2_ws/src/install/my_bot/share/my_bot/environment/path.dsv
[0.210s] -- Installing: /home/ros2_ws/src/install/my_bot/share/my_bot/local_setup.bash
[0.210s] -- Installing: /home/ros2_ws/src/install/my_bot/share/my_bot/local_setup.sh
[0.211s] -- Installing: /home/ros2_ws/src/install/my_bot/share/my_bot/local_setup.zsh
[0.211s] -- Installing: /home/ros2_ws/src/install/my_bot/share/my_bot/local_setup.dsv
[0.211s] -- Installing: /home/ros2_ws/src/install/my_bot/share/my_bot/package.dsv
[0.212s] -- Installing: /home/ros2_ws/src/install/my_bot/share/ament_index/resource_index/packages/my_bot
[0.212s] -- Installing: /home/ros2_ws/src/install/my_bot/share/my_bot/cmake/my_botConfig.cmake
[0.212s] -- Installing: /home/ros2_ws/src/install/my_bot/share/my_bot/cmake/my_botConfig-version.cmake
[0.213s] -- Installing: /home/ros2_ws/src/install/my_bot/share/my_bot/package.xml
[0.217s] Invoked command in '/home/ros2_ws/src/build/my_bot' returned '0': CMAKE_PREFIX_PATH=${CMAKE_PREFIX_PATH}:/opt/ros/humble /usr/bin/cmake --install /home/ros2_ws/src/build/my_bot
